C:\USERS\DELL\DESKTOP\DATABASE\MDBASIC\MDBASIC\DEBUG\APPLICATION.OBJ
C:\USERS\DELL\DESKTOP\DATABASE\MDBASIC\MDBASIC\DEBUG\BASICFUN.OBJ
C:\USERS\DELL\DESKTOP\DATABASE\MDBASIC\MDBASIC\DEBUG\MAIN.OBJ
C:\USERS\DELL\DESKTOP\DATABASE\MDBASIC\MDBASIC\DEBUG\MDSPI.OBJ
C:\USERS\DELL\DESKTOP\DATABASE\MDBASIC\MDBASIC\DEBUG\TRADERSPI.OBJ
C:\USERS\DELL\DESKTOP\DATABASE\MDBASIC\MDBASIC\DEBUG\VC110.PDB
C:\Users\DELL\Desktop\database\mdBasic\mdBasic\Debug\application.obj
C:\Users\DELL\Desktop\database\mdBasic\mdBasic\Debug\basicFun.obj
C:\Users\DELL\Desktop\database\mdBasic\mdBasic\Debug\main.obj
C:\Users\DELL\Desktop\database\mdBasic\mdBasic\Debug\mdspi.obj
C:\Users\DELL\Desktop\database\mdBasic\mdBasic\Debug\traderspi.obj
C:\Users\DELL\Desktop\database\mdBasic\mdBasic\Debug\cl.command.1.tlog
C:\Users\DELL\Desktop\database\mdBasic\mdBasic\Debug\CL.read.1.tlog
C:\Users\DELL\Desktop\database\mdBasic\mdBasic\Debug\CL.write.1.tlog
C:\Users\DELL\Desktop\database\mdBasic\mdBasic\Debug\link-cvtres.read.1.tlog
C:\Users\DELL\Desktop\database\mdBasic\mdBasic\Debug\link-cvtres.write.1.tlog
C:\Users\DELL\Desktop\database\mdBasic\mdBasic\Debug\link-rc.read.1.tlog
C:\Users\DELL\Desktop\database\mdBasic\mdBasic\Debug\link-rc.write.1.tlog
C:\Users\DELL\Desktop\database\mdBasic\mdBasic\Debug\link.command.1.tlog
C:\Users\DELL\Desktop\database\mdBasic\mdBasic\Debug\link.read.1.tlog
C:\Users\DELL\Desktop\database\mdBasic\mdBasic\Debug\link.write.1.tlog
C:\Users\DELL\Desktop\database\mdBasic\mdBasic\Debug\vc110.idb
C:\Users\DELL\Desktop\database\mdBasic\mdBasic\Debug\vc110.pdb
C:\Users\DELL\Desktop\database\mdBasic\Debug\mdBasic.pdb
